# JRE version: Java(TM) SE Runtime Environment (8.0_131-b11) (build 1.8.0_131-b11)
# Java VM: Java HotSpot(TM) 64-Bit Server VM (25.131-b11 mixed mode linux-amd64 compressed oops)
Heap:
 PSYoungGen      total 209408K, used 12788K [0x00000000eab00000, 0x00000000f9d80000, 0x0000000100000000)
  eden space 196608K, 0% used [0x00000000eab00000,0x00000000eab00000,0x00000000f6b00000)
  from space 12800K, 99% used [0x00000000f6b00000,0x00000000f777d0b8,0x00000000f7780000)
  to   space 12800K, 0% used [0x00000000f7780000,0x00000000f7780000,0x00000000f8400000)
 ParOldGen       total 45568K, used 19443K [0x00000000c0000000, 0x00000000c2c80000, 0x00000000eab00000)
  object space 45568K, 42% used [0x00000000c0000000,0x00000000c12fcee0,0x00000000c2c80000)
 Metaspace       used 46903K, capacity 48392K, committed 48600K, reserved 1091584K
  class space    used 6525K, capacity 6835K, committed 6912K, reserved 1048576K
GC Heap History (10 events):
Event: 2.919 GC heap after
Heap after GC invocations=6 (full 1):
 PSYoungGen      total 66048K, used 0K [0x00000000eab00000, 0x00000000f3900000, 0x0000000100000000)
  eden space 63488K, 0% used [0x00000000eab00000,0x00000000eab00000,0x00000000ee900000)
  from space 2560K, 0% used [0x00000000ee900000,0x00000000ee900000,0x00000000eeb80000)
  to   space 9216K, 0% used [0x00000000f3000000,0x00000000f3000000,0x00000000f3900000)
 ParOldGen       total 35328K, used 9293K [0x00000000c0000000, 0x00000000c2280000, 0x00000000eab00000)
  object space 35328K, 26% used [0x00000000c0000000,0x00000000c09136a8,0x00000000c2280000)
 Metaspace       used 20758K, capacity 21166K, committed 21248K, reserved 1067008K
  class space    used 2831K, capacity 3008K, committed 3072K, reserved 1048576K
}
Event: 4.188 GC heap before
{Heap before GC invocations=7 (full 1):
 PSYoungGen      total 66048K, used 63488K [0x00000000eab00000, 0x00000000f3900000, 0x0000000100000000)
  eden space 63488K, 100% used [0x00000000eab00000,0x00000000ee900000,0x00000000ee900000)
  from space 2560K, 0% used [0x00000000ee900000,0x00000000ee900000,0x00000000eeb80000)
  to   space 9216K, 0% used [0x00000000f3000000,0x00000000f3000000,0x00000000f3900000)
 ParOldGen       total 35328K, used 9293K [0x00000000c0000000, 0x00000000c2280000, 0x00000000eab00000)
  object space 35328K, 26% used [0x00000000c0000000,0x00000000c09136a8,0x00000000c2280000)
 Metaspace       used 26219K, capacity 26776K, committed 27008K, reserved 1073152K
  class space    used 3717K, capacity 3883K, committed 3968K, reserved 1048576K
Event: 4.210 GC heap after
Heap after GC invocations=7 (full 1):
 PSYoungGen      total 121344K, used 7889K [0x00000000eab00000, 0x00000000f3800000, 0x0000000100000000)
  eden space 113152K, 0% used [0x00000000eab00000,0x00000000eab00000,0x00000000f1980000)
  from space 8192K, 96% used [0x00000000f3000000,0x00000000f37b4548,0x00000000f3800000)
  to   space 10240K, 0% used [0x00000000f2400000,0x00000000f2400000,0x00000000f2e00000)
 ParOldGen       total 35328K, used 9301K [0x00000000c0000000, 0x00000000c2280000, 0x00000000eab00000)
  object space 35328K, 26% used [0x00000000c0000000,0x00000000c09156a8,0x00000000c2280000)
 Metaspace       used 26219K, capacity 26776K, committed 27008K, reserved 1073152K
  class space    used 3717K, capacity 3883K, committed 3968K, reserved 1048576K
}
Event: 6.413 GC heap before
{Heap before GC invocations=8 (full 1):
 PSYoungGen      total 121344K, used 121041K [0x00000000eab00000, 0x00000000f3800000, 0x0000000100000000)
  eden space 113152K, 100% used [0x00000000eab00000,0x00000000f1980000,0x00000000f1980000)
  from space 8192K, 96% used [0x00000000f3000000,0x00000000f37b4548,0x00000000f3800000)
  to   space 10240K, 0% used [0x00000000f2400000,0x00000000f2400000,0x00000000f2e00000)
 ParOldGen       total 35328K, used 9301K [0x00000000c0000000, 0x00000000c2280000, 0x00000000eab00000)
  object space 35328K, 26% used [0x00000000c0000000,0x00000000c09156a8,0x00000000c2280000)
 Metaspace       used 34588K, capacity 35322K, committed 35416K, reserved 1079296K
  class space    used 4766K, capacity 4985K, committed 4992K, reserved 1048576K
Event: 6.434 GC heap after
Heap after GC invocations=8 (full 1):
 PSYoungGen      total 134144K, used 10238K [0x00000000eab00000, 0x00000000f8400000, 0x0000000100000000)
  eden space 123904K, 0% used [0x00000000eab00000,0x00000000eab00000,0x00000000f2400000)
  from space 10240K, 99% used [0x00000000f2400000,0x00000000f2dff9e0,0x00000000f2e00000)
  to   space 12800K, 0% used [0x00000000f7780000,0x00000000f7780000,0x00000000f8400000)
 ParOldGen       total 35328K, used 11237K [0x00000000c0000000, 0x00000000c2280000, 0x00000000eab00000)
  object space 35328K, 31% used [0x00000000c0000000,0x00000000c0af96e0,0x00000000c2280000)
 Metaspace       used 34588K, capacity 35322K, committed 35416K, reserved 1079296K
  class space    used 4766K, capacity 4985K, committed 4992K, reserved 1048576K
}
Event: 6.534 GC heap before
{Heap before GC invocations=9 (full 1):
 PSYoungGen      total 134144K, used 22566K [0x00000000eab00000, 0x00000000f8400000, 0x0000000100000000)
  eden space 123904K, 9% used [0x00000000eab00000,0x00000000eb709f30,0x00000000f2400000)
  from space 10240K, 99% used [0x00000000f2400000,0x00000000f2dff9e0,0x00000000f2e00000)
  to   space 12800K, 0% used [0x00000000f7780000,0x00000000f7780000,0x00000000f8400000)
 ParOldGen       total 35328K, used 11237K [0x00000000c0000000, 0x00000000c2280000, 0x00000000eab00000)
  object space 35328K, 31% used [0x00000000c0000000,0x00000000c0af96e0,0x00000000c2280000)
 Metaspace       used 34681K, capacity 35386K, committed 35416K, reserved 1079296K
  class space    used 4772K, capacity 4985K, committed 4992K, reserved 1048576K
Event: 6.546 GC heap after
Heap after GC invocations=9 (full 1):
 PSYoungGen      total 209408K, used 7348K [0x00000000eab00000, 0x00000000f9d80000, 0x0000000100000000)
  eden space 196608K, 0% used [0x00000000eab00000,0x00000000eab00000,0x00000000f6b00000)
  from space 12800K, 57% used [0x00000000f7780000,0x00000000f7ead040,0x00000000f8400000)
  to   space 12800K, 0% used [0x00000000f6b00000,0x00000000f6b00000,0x00000000f7780000)
 ParOldGen       total 35328K, used 11245K [0x00000000c0000000, 0x00000000c2280000, 0x00000000eab00000)
  object space 35328K, 31% used [0x00000000c0000000,0x00000000c0afb6e0,0x00000000c2280000)
 Metaspace       used 34681K, capacity 35386K, committed 35416K, reserved 1079296K
  class space    used 4772K, capacity 4985K, committed 4992K, reserved 1048576K
}
Event: 6.546 GC heap before
{Heap before GC invocations=10 (full 2):
 PSYoungGen      total 209408K, used 7348K [0x00000000eab00000, 0x00000000f9d80000, 0x0000000100000000)
  eden space 196608K, 0% used [0x00000000eab00000,0x00000000eab00000,0x00000000f6b00000)
  from space 12800K, 57% used [0x00000000f7780000,0x00000000f7ead040,0x00000000f8400000)
  to   space 12800K, 0% used [0x00000000f6b00000,0x00000000f6b00000,0x00000000f7780000)
 ParOldGen       total 35328K, used 11245K [0x00000000c0000000, 0x00000000c2280000, 0x00000000eab00000)
  object space 35328K, 31% used [0x00000000c0000000,0x00000000c0afb6e0,0x00000000c2280000)
 Metaspace       used 34681K, capacity 35386K, committed 35416K, reserved 1079296K
  class space    used 4772K, capacity 4985K, committed 4992K, reserved 1048576K
Event: 6.707 GC heap after
Heap after GC invocations=10 (full 2):
 PSYoungGen      total 209408K, used 0K [0x00000000eab00000, 0x00000000f9d80000, 0x0000000100000000)
  eden space 196608K, 0% used [0x00000000eab00000,0x00000000eab00000,0x00000000f6b00000)
  from space 12800K, 0% used [0x00000000f7780000,0x00000000f7780000,0x00000000f8400000)
  to   space 12800K, 0% used [0x00000000f6b00000,0x00000000f6b00000,0x00000000f7780000)
 ParOldGen       total 45568K, used 13668K [0x00000000c0000000, 0x00000000c2c80000, 0x00000000eab00000)
  object space 45568K, 29% used [0x00000000c0000000,0x00000000c0d59310,0x00000000c2c80000)
 Metaspace       used 34681K, capacity 35386K, committed 35416K, reserved 1079296K
  class space    used 4772K, capacity 4985K, committed 4992K, reserved 1048576K
}
Event: 16.421 GC heap before
{Heap before GC invocations=11 (full 2):
 PSYoungGen      total 209408K, used 196608K [0x00000000eab00000, 0x00000000f9d80000, 0x0000000100000000)
  eden space 196608K, 100% used [0x00000000eab00000,0x00000000f6b00000,0x00000000f6b00000)
  from space 12800K, 0% used [0x00000000f7780000,0x00000000f7780000,0x00000000f8400000)
  to   space 12800K, 0% used [0x00000000f6b00000,0x00000000f6b00000,0x00000000f7780000)
 ParOldGen       total 45568K, used 13668K [0x00000000c0000000, 0x00000000c2c80000, 0x00000000eab00000)
  object space 45568K, 29% used [0x00000000c0000000,0x00000000c0d59310,0x00000000c2c80000)
 Metaspace       used 46903K, capacity 48392K, committed 48600K, reserved 1091584K
  class space    used 6525K, capacity 6835K, committed 6912K, reserved 1048576K

