# JRE version: Java(TM) SE Runtime Environment (8.0_91-b14) (build 1.8.0_91-b14)
# Java VM: Java HotSpot(TM) 64-Bit Server VM (25.91-b14 mixed mode linux-amd64 compressed oops)
Heap:
 PSYoungGen      total 135168K, used 14435K [0x00000000eab00000, 0x00000000f5400000, 0x0000000100000000)
  eden space 110080K, 0% used [0x00000000eab00000,0x00000000eab00000,0x00000000f1680000)
  from space 25088K, 57% used [0x00000000f1680000,0x00000000f2498db0,0x00000000f2f00000)
  to   space 12288K, 0% used [0x00000000f2f00000,0x00000000f2f00000,0x00000000f3b00000)
 ParOldGen       total 62464K, used 26603K [0x00000000c0000000, 0x00000000c3d00000, 0x00000000eab00000)
  object space 62464K, 42% used [0x00000000c0000000,0x00000000c19facd0,0x00000000c3d00000)
 Metaspace       used 7644K, capacity 8088K, committed 8320K, reserved 1056768K
  class space    used 746K, capacity 784K, committed 896K, reserved 1048576K
GC Heap History (10 events):
Event: 1.048 GC heap after
Heap after GC invocations=3 (full 0):
 PSYoungGen      total 33280K, used 2537K [0x00000000eab00000, 0x00000000eec00000, 0x0000000100000000)
  eden space 30720K, 0% used [0x00000000eab00000,0x00000000eab00000,0x00000000ec900000)
  from space 2560K, 99% used [0x00000000ec900000,0x00000000ecb7a708,0x00000000ecb80000)
  to   space 2560K, 0% used [0x00000000ee980000,0x00000000ee980000,0x00000000eec00000)
 ParOldGen       total 40960K, used 10583K [0x00000000c0000000, 0x00000000c2800000, 0x00000000eab00000)
  object space 40960K, 25% used [0x00000000c0000000,0x00000000c0a55fd8,0x00000000c2800000)
 Metaspace       used 5658K, capacity 6832K, committed 7040K, reserved 1056768K
  class space    used 574K, capacity 616K, committed 640K, reserved 1048576K
}
Event: 1.238 GC heap before
{Heap before GC invocations=4 (full 0):
 PSYoungGen      total 33280K, used 33257K [0x00000000eab00000, 0x00000000eec00000, 0x0000000100000000)
  eden space 30720K, 100% used [0x00000000eab00000,0x00000000ec900000,0x00000000ec900000)
  from space 2560K, 99% used [0x00000000ec900000,0x00000000ecb7a708,0x00000000ecb80000)
  to   space 2560K, 0% used [0x00000000ee980000,0x00000000ee980000,0x00000000eec00000)
 ParOldGen       total 40960K, used 10583K [0x00000000c0000000, 0x00000000c2800000, 0x00000000eab00000)
  object space 40960K, 25% used [0x00000000c0000000,0x00000000c0a55fd8,0x00000000c2800000)
 Metaspace       used 5813K, capacity 6896K, committed 7040K, reserved 1056768K
  class space    used 597K, capacity 616K, committed 640K, reserved 1048576K
Event: 1.255 GC heap after
Heap after GC invocations=4 (full 0):
 PSYoungGen      total 64000K, used 2528K [0x00000000eab00000, 0x00000000eec00000, 0x0000000100000000)
  eden space 61440K, 0% used [0x00000000eab00000,0x00000000eab00000,0x00000000ee700000)
  from space 2560K, 98% used [0x00000000ee980000,0x00000000eebf8090,0x00000000eec00000)
  to   space 2560K, 0% used [0x00000000ee700000,0x00000000ee700000,0x00000000ee980000)
 ParOldGen       total 40960K, used 15482K [0x00000000c0000000, 0x00000000c2800000, 0x00000000eab00000)
  object space 40960K, 37% used [0x00000000c0000000,0x00000000c0f1e9a8,0x00000000c2800000)
 Metaspace       used 5813K, capacity 6896K, committed 7040K, reserved 1056768K
  class space    used 597K, capacity 616K, committed 640K, reserved 1048576K
}
Event: 1.602 GC heap before
{Heap before GC invocations=5 (full 0):
 PSYoungGen      total 64000K, used 63968K [0x00000000eab00000, 0x00000000eec00000, 0x0000000100000000)
  eden space 61440K, 100% used [0x00000000eab00000,0x00000000ee700000,0x00000000ee700000)
  from space 2560K, 98% used [0x00000000ee980000,0x00000000eebf8090,0x00000000eec00000)
  to   space 2560K, 0% used [0x00000000ee700000,0x00000000ee700000,0x00000000ee980000)
 ParOldGen       total 40960K, used 15482K [0x00000000c0000000, 0x00000000c2800000, 0x00000000eab00000)
  object space 40960K, 37% used [0x00000000c0000000,0x00000000c0f1e9a8,0x00000000c2800000)
 Metaspace       used 6049K, capacity 7000K, committed 7168K, reserved 1056768K
  class space    used 614K, capacity 656K, committed 768K, reserved 1048576K
Event: 1.932 GC heap after
Heap after GC invocations=5 (full 0):
 PSYoungGen      total 64000K, used 2530K [0x00000000eab00000, 0x00000000f3b00000, 0x0000000100000000)
  eden space 61440K, 0% used [0x00000000eab00000,0x00000000eab00000,0x00000000ee700000)
  from space 2560K, 98% used [0x00000000ee700000,0x00000000ee978990,0x00000000ee980000)
  to   space 12288K, 0% used [0x00000000f2f00000,0x00000000f2f00000,0x00000000f3b00000)
 ParOldGen       total 40960K, used 25498K [0x00000000c0000000, 0x00000000c2800000, 0x00000000eab00000)
  object space 40960K, 62% used [0x00000000c0000000,0x00000000c18e69b8,0x00000000c2800000)
 Metaspace       used 6049K, capacity 7000K, committed 7168K, reserved 1056768K
  class space    used 614K, capacity 656K, committed 768K, reserved 1048576K
}
Event: 2.977 GC heap before
{Heap before GC invocations=6 (full 0):
 PSYoungGen      total 64000K, used 63970K [0x00000000eab00000, 0x00000000f3b00000, 0x0000000100000000)
  eden space 61440K, 100% used [0x00000000eab00000,0x00000000ee700000,0x00000000ee700000)
  from space 2560K, 98% used [0x00000000ee700000,0x00000000ee978990,0x00000000ee980000)
  to   space 12288K, 0% used [0x00000000f2f00000,0x00000000f2f00000,0x00000000f3b00000)
 ParOldGen       total 40960K, used 25498K [0x00000000c0000000, 0x00000000c2800000, 0x00000000eab00000)
  object space 40960K, 62% used [0x00000000c0000000,0x00000000c18e69b8,0x00000000c2800000)
 Metaspace       used 7589K, capacity 8088K, committed 8320K, reserved 1056768K
  class space    used 745K, capacity 784K, committed 896K, reserved 1048576K
Event: 3.009 GC heap after
Heap after GC invocations=6 (full 0):
 PSYoungGen      total 122368K, used 12261K [0x00000000eab00000, 0x00000000f5400000, 0x0000000100000000)
  eden space 110080K, 0% used [0x00000000eab00000,0x00000000eab00000,0x00000000f1680000)
  from space 12288K, 99% used [0x00000000f2f00000,0x00000000f3af9730,0x00000000f3b00000)
  to   space 25088K, 0% used [0x00000000f1680000,0x00000000f1680000,0x00000000f2f00000)
 ParOldGen       total 46592K, used 44174K [0x00000000c0000000, 0x00000000c2d80000, 0x00000000eab00000)
  object space 46592K, 94% used [0x00000000c0000000,0x00000000c2b238e0,0x00000000c2d80000)
 Metaspace       used 7589K, capacity 8088K, committed 8320K, reserved 1056768K
  class space    used 745K, capacity 784K, committed 896K, reserved 1048576K
}
Event: 3.009 GC heap before
{Heap before GC invocations=7 (full 1):
 PSYoungGen      total 122368K, used 12261K [0x00000000eab00000, 0x00000000f5400000, 0x0000000100000000)
  eden space 110080K, 0% used [0x00000000eab00000,0x00000000eab00000,0x00000000f1680000)
  from space 12288K, 99% used [0x00000000f2f00000,0x00000000f3af9730,0x00000000f3b00000)
  to   space 25088K, 0% used [0x00000000f1680000,0x00000000f1680000,0x00000000f2f00000)
 ParOldGen       total 46592K, used 44174K [0x00000000c0000000, 0x00000000c2d80000, 0x00000000eab00000)
  object space 46592K, 94% used [0x00000000c0000000,0x00000000c2b238e0,0x00000000c2d80000)
 Metaspace       used 7589K, capacity 8088K, committed 8320K, reserved 1056768K
  class space    used 745K, capacity 784K, committed 896K, reserved 1048576K
Event: 3.111 GC heap after
Heap after GC invocations=7 (full 1):
 PSYoungGen      total 122368K, used 0K [0x00000000eab00000, 0x00000000f5400000, 0x0000000100000000)
  eden space 110080K, 0% used [0x00000000eab00000,0x00000000eab00000,0x00000000f1680000)
  from space 12288K, 0% used [0x00000000f2f00000,0x00000000f2f00000,0x00000000f3b00000)
  to   space 25088K, 0% used [0x00000000f1680000,0x00000000f1680000,0x00000000f2f00000)
 ParOldGen       total 62464K, used 26595K [0x00000000c0000000, 0x00000000c3d00000, 0x00000000eab00000)
  object space 62464K, 42% used [0x00000000c0000000,0x00000000c19f8cd0,0x00000000c3d00000)
 Metaspace       used 7589K, capacity 8088K, committed 8320K, reserved 1056768K
  class space    used 745K, capacity 784K, committed 896K, reserved 1048576K
}
Event: 3.897 GC heap before
{Heap before GC invocations=8 (full 1):
 PSYoungGen      total 122368K, used 110080K [0x00000000eab00000, 0x00000000f5400000, 0x0000000100000000)
  eden space 110080K, 100% used [0x00000000eab00000,0x00000000f1680000,0x00000000f1680000)
  from space 12288K, 0% used [0x00000000f2f00000,0x00000000f2f00000,0x00000000f3b00000)
  to   space 25088K, 0% used [0x00000000f1680000,0x00000000f1680000,0x00000000f2f00000)
 ParOldGen       total 62464K, used 26595K [0x00000000c0000000, 0x00000000c3d00000, 0x00000000eab00000)
  object space 62464K, 42% used [0x00000000c0000000,0x00000000c19f8cd0,0x00000000c3d00000)
 Metaspace       used 7644K, capacity 8088K, committed 8320K, reserved 1056768K
  class space    used 746K, capacity 784K, committed 896K, reserved 1048576K

